Build started 2015-01-27 16:07:04.
     1>Project "E:\Mina dokument\Medieteknik\TNM085\AKRS3D\MoS\MoS.vcxproj" on node 2 (Build target(s)).
     1>ClCompile:
         E:\Programs\Microsoft Visual Studio 12.0\VC\bin\CL.exe /c /I"E:\Mina dokument\Medieteknik\TNM085\AKRS3D\MoS\GLEW\include" /I"E:\Mina dokument\Medieteknik\TNM085\AKRS3D\MoS\GLFW\include" /ZI /nologo /W3 /WX- /sdl /Od /Oy- /D _MBCS /Gm /EHsc /RTC1 /MDd /GS /fp:precise /Zc:wchar_t /Zc:forScope /Fo"Debug\\" /Fd"Debug\vc120.pdb" /Gd /TP /analyze- /errorReport:prompt main.cpp MatrixStack.cpp Rotator.cpp Shader.cpp TriangleSoup.cpp Utilities.cpp
         Utilities.cpp
     1>e:\mina dokument\medieteknik\tnm085\akrs3d\mos\utilities.hpp(18): fatal error C1083: Cannot open include file: 'glew.h': No such file or directory
         TriangleSoup.cpp
     1>e:\mina dokument\medieteknik\tnm085\akrs3d\mos\utilities.hpp(18): fatal error C1083: Cannot open include file: 'glew.h': No such file or directory
         Shader.cpp
     1>e:\mina dokument\medieteknik\tnm085\akrs3d\mos\utilities.hpp(18): fatal error C1083: Cannot open include file: 'glew.h': No such file or directory
         Rotator.cpp
     1>e:\mina dokument\medieteknik\tnm085\akrs3d\mos\rotator.hpp(1): fatal error C1083: Cannot open include file: 'GLFW/include/GLFW/glfw3.h': No such file or directory
         MatrixStack.cpp
     1>e:\mina dokument\medieteknik\tnm085\akrs3d\mos\matrixstack.hpp(4): fatal error C1083: Cannot open include file: 'glfw3.h': No such file or directory
         main.cpp
     1>e:\mina dokument\medieteknik\tnm085\akrs3d\mos\utilities.hpp(18): fatal error C1083: Cannot open include file: 'glew.h': No such file or directory
         Generating Code...
     1>Done Building Project "E:\Mina dokument\Medieteknik\TNM085\AKRS3D\MoS\MoS.vcxproj" (Build target(s)) -- FAILED.

Build FAILED.

Time Elapsed 00:00:02.43
